android/app/build/intermediates/manifest_merge_blame_file/debug/processDebugMainManifest/manifest-merger-blame-debug-report.txt
1<?xml version="1.0" encoding="utf-8"?>
2<manifest xmlns:android="http://schemas.android.com/apk/res/android"
3    package="com.example.cafm_mobile_app"
4    android:versionCode="1"
5    android:versionName="1.0.0" >
6
7    <uses-sdk
8        android:minSdkVersion="21"
9        android:targetSdkVersion="35" />
10    <!--
11         The INTERNET permission is required for development. Specifically,
12         the Flutter tool needs it to communicate with the running application
13         to allow setting breakpoints, to provide hot reload, etc.
14    -->
15    <uses-permission android:name="android.permission.INTERNET" />
15-->src\main\AndroidManifest.xml:4:5-66
15-->src\main\AndroidManifest.xml:4:22-64
16    <!-- Permissions -->
17    <uses-permission android:name="android.permission.POST_NOTIFICATIONS" />
17-->src\main\AndroidManifest.xml:3:5-76
17-->src\main\AndroidManifest.xml:3:22-74
18    <uses-permission android:name="android.permission.FOREGROUND_SERVICE" />
18-->src\main\AndroidManifest.xml:5:5-76
18-->src\main\AndroidManifest.xml:5:22-74
19    <uses-permission android:name="android.permission.SCHEDULE_EXACT_ALARM" /> <!-- Text processing query (for Flutter plugin) -->
19-->src\main\AndroidManifest.xml:6:5-78
19-->src\main\AndroidManifest.xml:6:22-76
20    <queries>
20-->src\main\AndroidManifest.xml:47:5-52:15
21        <intent>
21-->src\main\AndroidManifest.xml:48:9-51:18
22            <action android:name="android.intent.action.PROCESS_TEXT" />
22-->src\main\AndroidManifest.xml:49:13-72
22-->src\main\AndroidManifest.xml:49:21-70
23
24            <data android:mimeType="text/plain" />
24-->src\main\AndroidManifest.xml:50:13-50
24-->src\main\AndroidManifest.xml:50:19-48
25        </intent>
26    </queries>
27
28    <uses-permission android:name="android.permission.BROADCAST_CLOSE_SYSTEM_DIALOGS" />
28-->[:awesome_notifications] AndroidManifest.xml:8:5-89
28-->[:awesome_notifications] AndroidManifest.xml:8:22-86
29    <uses-permission android:name="android.permission.RECEIVE_BOOT_COMPLETED" />
29-->[:awesome_notifications] AndroidManifest.xml:9:5-81
29-->[:awesome_notifications] AndroidManifest.xml:9:22-78
30    <uses-permission android:name="android.permission.VIBRATE" />
30-->[:awesome_notifications] AndroidManifest.xml:10:5-66
30-->[:awesome_notifications] AndroidManifest.xml:10:22-63
31    <uses-permission
31-->[me.carda:AndroidAwnCore:0.9.3] AndroidManifest.xml:10:5-12:38
32        android:name="android.permission.BIND_NOTIFICATION_LISTENER_SERVICE"
32-->[me.carda:AndroidAwnCore:0.9.3] AndroidManifest.xml:11:9-77
33        android:maxSdkVersion="22" />
33-->[me.carda:AndroidAwnCore:0.9.3] AndroidManifest.xml:12:9-35
34
35    <permission
35-->[androidx.core:core:1.13.1] AndroidManifest.xml:22:5-24:47
36        android:name="com.example.cafm_mobile_app.DYNAMIC_RECEIVER_NOT_EXPORTED_PERMISSION"
36-->[androidx.core:core:1.13.1] AndroidManifest.xml:23:9-81
37        android:protectionLevel="signature" />
37-->[androidx.core:core:1.13.1] AndroidManifest.xml:24:9-44
38
39    <uses-permission android:name="com.example.cafm_mobile_app.DYNAMIC_RECEIVER_NOT_EXPORTED_PERMISSION" /> <!-- for android -->
39-->[androidx.core:core:1.13.1] AndroidManifest.xml:26:5-97
39-->[androidx.core:core:1.13.1] AndroidManifest.xml:26:22-94
40    <!-- <uses-permission android:name="com.android.launcher.permission.READ_SETTINGS"/> -->
41    <!-- <uses-permission android:name="com.android.launcher.permission.WRITE_SETTINGS"/> -->
42    <!-- <uses-permission android:name="com.android.launcher.permission.INSTALL_SHORTCUT" /> -->
43    <!-- <uses-permission android:name="com.android.launcher.permission.UNINSTALL_SHORTCUT" /> -->
44    <!-- for Samsung -->
45    <uses-permission android:name="com.sec.android.provider.badge.permission.READ" />
45-->[me.leolin:ShortcutBadger:1.1.22] AndroidManifest.xml:19:5-86
45-->[me.leolin:ShortcutBadger:1.1.22] AndroidManifest.xml:19:22-83
46    <uses-permission android:name="com.sec.android.provider.badge.permission.WRITE" /> <!-- for htc -->
46-->[me.leolin:ShortcutBadger:1.1.22] AndroidManifest.xml:20:5-87
46-->[me.leolin:ShortcutBadger:1.1.22] AndroidManifest.xml:20:22-84
47    <uses-permission android:name="com.htc.launcher.permission.READ_SETTINGS" />
47-->[me.leolin:ShortcutBadger:1.1.22] AndroidManifest.xml:23:5-81
47-->[me.leolin:ShortcutBadger:1.1.22] AndroidManifest.xml:23:22-78
48    <uses-permission android:name="com.htc.launcher.permission.UPDATE_SHORTCUT" /> <!-- for sony -->
48-->[me.leolin:ShortcutBadger:1.1.22] AndroidManifest.xml:24:5-83
48-->[me.leolin:ShortcutBadger:1.1.22] AndroidManifest.xml:24:22-80
49    <uses-permission android:name="com.sonyericsson.home.permission.BROADCAST_BADGE" />
49-->[me.leolin:ShortcutBadger:1.1.22] AndroidManifest.xml:27:5-88
49-->[me.leolin:ShortcutBadger:1.1.22] AndroidManifest.xml:27:22-85
50    <uses-permission android:name="com.sonymobile.home.permission.PROVIDER_INSERT_BADGE" /> <!-- for apex -->
50-->[me.leolin:ShortcutBadger:1.1.22] AndroidManifest.xml:28:5-92
50-->[me.leolin:ShortcutBadger:1.1.22] AndroidManifest.xml:28:22-89
51    <uses-permission android:name="com.anddoes.launcher.permission.UPDATE_COUNT" /> <!-- for solid -->
51-->[me.leolin:ShortcutBadger:1.1.22] AndroidManifest.xml:31:5-84
51-->[me.leolin:ShortcutBadger:1.1.22] AndroidManifest.xml:31:22-81
52    <uses-permission android:name="com.majeur.launcher.permission.UPDATE_BADGE" /> <!-- for huawei -->
52-->[me.leolin:ShortcutBadger:1.1.22] AndroidManifest.xml:34:5-83
52-->[me.leolin:ShortcutBadger:1.1.22] AndroidManifest.xml:34:22-80
53    <uses-permission android:name="com.huawei.android.launcher.permission.CHANGE_BADGE" />
53-->[me.leolin:ShortcutBadger:1.1.22] AndroidManifest.xml:37:5-91
53-->[me.leolin:ShortcutBadger:1.1.22] AndroidManifest.xml:37:22-88
54    <uses-permission android:name="com.huawei.android.launcher.permission.READ_SETTINGS" />
54-->[me.leolin:ShortcutBadger:1.1.22] AndroidManifest.xml:38:5-92
54-->[me.leolin:ShortcutBadger:1.1.22] AndroidManifest.xml:38:22-89
55    <uses-permission android:name="com.huawei.android.launcher.permission.WRITE_SETTINGS" /> <!-- for ZUK -->
55-->[me.leolin:ShortcutBadger:1.1.22] AndroidManifest.xml:39:5-93
55-->[me.leolin:ShortcutBadger:1.1.22] AndroidManifest.xml:39:22-90
56    <uses-permission android:name="android.permission.READ_APP_BADGE" /> <!-- for OPPO -->
56-->[me.leolin:ShortcutBadger:1.1.22] AndroidManifest.xml:42:5-73
56-->[me.leolin:ShortcutBadger:1.1.22] AndroidManifest.xml:42:22-70
57    <uses-permission android:name="com.oppo.launcher.permission.READ_SETTINGS" />
57-->[me.leolin:ShortcutBadger:1.1.22] AndroidManifest.xml:45:5-82
57-->[me.leolin:ShortcutBadger:1.1.22] AndroidManifest.xml:45:22-79
58    <uses-permission android:name="com.oppo.launcher.permission.WRITE_SETTINGS" /> <!-- for EvMe -->
58-->[me.leolin:ShortcutBadger:1.1.22] AndroidManifest.xml:46:5-83
58-->[me.leolin:ShortcutBadger:1.1.22] AndroidManifest.xml:46:22-80
59    <uses-permission android:name="me.everything.badger.permission.BADGE_COUNT_READ" />
59-->[me.leolin:ShortcutBadger:1.1.22] AndroidManifest.xml:49:5-88
59-->[me.leolin:ShortcutBadger:1.1.22] AndroidManifest.xml:49:22-85
60    <uses-permission android:name="me.everything.badger.permission.BADGE_COUNT_WRITE" />
60-->[me.leolin:ShortcutBadger:1.1.22] AndroidManifest.xml:50:5-89
60-->[me.leolin:ShortcutBadger:1.1.22] AndroidManifest.xml:50:22-86
61
62    <application
63        android:name="android.app.Application"
64        android:appComponentFactory="androidx.core.app.CoreComponentFactory"
64-->[androidx.core:core:1.13.1] AndroidManifest.xml:28:18-86
65        android:debuggable="true"
66        android:extractNativeLibs="true"
67        android:icon="@mipmap/ic_launcher"
68        android:label="CAFM"
69        android:usesCleartextTraffic="true" >
70
71        <!-- Main Activity -->
72        <activity
73            android:name="com.example.cafm_mobile_app.MainActivity"
74            android:configChanges="orientation|keyboardHidden|keyboard|screenSize|smallestScreenSize|locale|layoutDirection|fontScale|screenLayout|density|uiMode"
75            android:exported="true"
76            android:hardwareAccelerated="true"
77            android:launchMode="singleTop"
78            android:taskAffinity=""
79            android:theme="@style/LaunchTheme"
80            android:windowSoftInputMode="adjustResize" >
81            <meta-data
82                android:name="io.flutter.embedding.android.NormalTheme"
83                android:resource="@style/NormalTheme" />
84
85            <intent-filter>
86                <action android:name="android.intent.action.MAIN" />
87
88                <category android:name="android.intent.category.LAUNCHER" />
89            </intent-filter>
90        </activity>
91
92        <!-- Awesome Notifications: Required Receiver -->
93        <receiver
94            android:name="me.carda.awesome_notifications.notifications.receivers.ActionReceiver"
95            android:exported="true" />
96
97        <!-- Flutter Plugin Registration -->
98        <meta-data
99            android:name="flutterEmbedding"
100            android:value="2" />
101
102        <receiver
102-->[:awesome_notifications] AndroidManifest.xml:13:9-15:39
103            android:name="me.carda.awesome_notifications.DartNotificationActionReceiver"
103-->[:awesome_notifications] AndroidManifest.xml:14:13-89
104            android:exported="true" />
104-->[:awesome_notifications] AndroidManifest.xml:15:13-36
105        <receiver
105-->[:awesome_notifications] AndroidManifest.xml:16:9-18:39
106            android:name="me.carda.awesome_notifications.DartDismissedNotificationReceiver"
106-->[:awesome_notifications] AndroidManifest.xml:17:13-92
107            android:exported="true" />
107-->[:awesome_notifications] AndroidManifest.xml:18:13-36
108        <receiver
108-->[:awesome_notifications] AndroidManifest.xml:19:9-21:39
109            android:name="me.carda.awesome_notifications.DartScheduledNotificationReceiver"
109-->[:awesome_notifications] AndroidManifest.xml:20:13-92
110            android:exported="true" />
110-->[:awesome_notifications] AndroidManifest.xml:21:13-36
111        <receiver
111-->[:awesome_notifications] AndroidManifest.xml:22:9-36:20
112            android:name="me.carda.awesome_notifications.DartRefreshSchedulesReceiver"
112-->[:awesome_notifications] AndroidManifest.xml:23:13-87
113            android:enabled="true"
113-->[:awesome_notifications] AndroidManifest.xml:24:13-35
114            android:exported="true" >
114-->[:awesome_notifications] AndroidManifest.xml:25:13-36
115            <intent-filter>
115-->[:awesome_notifications] AndroidManifest.xml:26:13-35:29
116                <category android:name="android.intent.category.DEFAULT" />
116-->[:awesome_notifications] AndroidManifest.xml:27:17-76
116-->[:awesome_notifications] AndroidManifest.xml:27:27-73
117
118                <action android:name="android.intent.action.BOOT_COMPLETED" />
118-->[:awesome_notifications] AndroidManifest.xml:29:17-79
118-->[:awesome_notifications] AndroidManifest.xml:29:25-76
119                <action android:name="android.intent.action.LOCKED_BOOT_COMPLETED" />
119-->[:awesome_notifications] AndroidManifest.xml:30:17-86
119-->[:awesome_notifications] AndroidManifest.xml:30:25-83
120                <action android:name="android.intent.action.MY_PACKAGE_REPLACED" />
120-->[:awesome_notifications] AndroidManifest.xml:31:17-84
120-->[:awesome_notifications] AndroidManifest.xml:31:25-81
121                <action android:name="android.intent.action.QUICKBOOT_POWERON" />
121-->[:awesome_notifications] AndroidManifest.xml:32:17-82
121-->[:awesome_notifications] AndroidManifest.xml:32:25-79
122                <action android:name="com.htc.intent.action.QUICKBOOT_POWERON" />
122-->[:awesome_notifications] AndroidManifest.xml:33:17-82
122-->[:awesome_notifications] AndroidManifest.xml:33:25-79
123                <action android:name="android.app.action.SCHEDULE_EXACT_ALARM_PERMISSION_STATE_CHANGED" />
123-->[:awesome_notifications] AndroidManifest.xml:34:17-107
123-->[:awesome_notifications] AndroidManifest.xml:34:25-104
124            </intent-filter>
125        </receiver>
126
127        <service
127-->[:awesome_notifications] AndroidManifest.xml:38:9-41:72
128            android:name="me.carda.awesome_notifications.DartBackgroundService"
128-->[:awesome_notifications] AndroidManifest.xml:39:13-80
129            android:exported="false"
129-->[:awesome_notifications] AndroidManifest.xml:40:13-37
130            android:permission="android.permission.BIND_JOB_SERVICE" />
130-->[:awesome_notifications] AndroidManifest.xml:41:13-69
131        <service
131-->[:awesome_notifications] AndroidManifest.xml:42:9-47:43
132            android:name="me.carda.awesome_notifications.core.services.ForegroundService"
132-->[:awesome_notifications] AndroidManifest.xml:43:13-90
133            android:enabled="true"
133-->[:awesome_notifications] AndroidManifest.xml:44:13-35
134            android:exported="false"
134-->[:awesome_notifications] AndroidManifest.xml:45:13-37
135            android:foregroundServiceType="phoneCall|phoneCall"
135-->[:awesome_notifications] AndroidManifest.xml:46:13-54
136            android:stopWithTask="true" />
136-->[:awesome_notifications] AndroidManifest.xml:47:13-40
137
138        <uses-library
138-->[androidx.window:window:1.2.0] AndroidManifest.xml:23:9-25:40
139            android:name="androidx.window.extensions"
139-->[androidx.window:window:1.2.0] AndroidManifest.xml:24:13-54
140            android:required="false" />
140-->[androidx.window:window:1.2.0] AndroidManifest.xml:25:13-37
141        <uses-library
141-->[androidx.window:window:1.2.0] AndroidManifest.xml:26:9-28:40
142            android:name="androidx.window.sidecar"
142-->[androidx.window:window:1.2.0] AndroidManifest.xml:27:13-51
143            android:required="false" />
143-->[androidx.window:window:1.2.0] AndroidManifest.xml:28:13-37
144
145        <service
145-->[me.carda:AndroidAwnCore:0.9.3] AndroidManifest.xml:21:9-28:19
146            android:name="me.carda.awesome_notifications.core.managers.StatusBarManager"
146-->[me.carda:AndroidAwnCore:0.9.3] AndroidManifest.xml:22:13-89
147            android:exported="true"
147-->[me.carda:AndroidAwnCore:0.9.3] AndroidManifest.xml:23:13-36
148            android:label="My Notification Listener Service" >
148-->[me.carda:AndroidAwnCore:0.9.3] AndroidManifest.xml:24:13-61
149            <intent-filter>
149-->[me.carda:AndroidAwnCore:0.9.3] AndroidManifest.xml:25:13-27:29
150                <action android:name="android.service.notification.NotificationListenerService" />
150-->[me.carda:AndroidAwnCore:0.9.3] AndroidManifest.xml:26:17-99
150-->[me.carda:AndroidAwnCore:0.9.3] AndroidManifest.xml:26:25-96
151            </intent-filter>
152        </service>
153
154        <provider
154-->[androidx.emoji2:emoji2:1.2.0] AndroidManifest.xml:24:9-32:20
155            android:name="androidx.startup.InitializationProvider"
155-->[androidx.emoji2:emoji2:1.2.0] AndroidManifest.xml:25:13-67
156            android:authorities="com.example.cafm_mobile_app.androidx-startup"
156-->[androidx.emoji2:emoji2:1.2.0] AndroidManifest.xml:26:13-68
157            android:exported="false" >
157-->[androidx.emoji2:emoji2:1.2.0] AndroidManifest.xml:27:13-37
158            <meta-data
158-->[androidx.emoji2:emoji2:1.2.0] AndroidManifest.xml:29:13-31:52
159                android:name="androidx.emoji2.text.EmojiCompatInitializer"
159-->[androidx.emoji2:emoji2:1.2.0] AndroidManifest.xml:30:17-75
160                android:value="androidx.startup" />
160-->[androidx.emoji2:emoji2:1.2.0] AndroidManifest.xml:31:17-49
161            <meta-data
161-->[androidx.lifecycle:lifecycle-process:2.7.0] AndroidManifest.xml:29:13-31:52
162                android:name="androidx.lifecycle.ProcessLifecycleInitializer"
162-->[androidx.lifecycle:lifecycle-process:2.7.0] AndroidManifest.xml:30:17-78
163                android:value="androidx.startup" />
163-->[androidx.lifecycle:lifecycle-process:2.7.0] AndroidManifest.xml:31:17-49
164            <meta-data
164-->[androidx.profileinstaller:profileinstaller:1.3.1] AndroidManifest.xml:29:13-31:52
165                android:name="androidx.profileinstaller.ProfileInstallerInitializer"
165-->[androidx.profileinstaller:profileinstaller:1.3.1] AndroidManifest.xml:30:17-85
166                android:value="androidx.startup" />
166-->[androidx.profileinstaller:profileinstaller:1.3.1] AndroidManifest.xml:31:17-49
167        </provider>
168
169        <service
169-->[androidx.room:room-runtime:2.5.0] AndroidManifest.xml:24:9-28:63
170            android:name="androidx.room.MultiInstanceInvalidationService"
170-->[androidx.room:room-runtime:2.5.0] AndroidManifest.xml:25:13-74
171            android:directBootAware="true"
171-->[androidx.room:room-runtime:2.5.0] AndroidManifest.xml:26:13-43
172            android:exported="false" />
172-->[androidx.room:room-runtime:2.5.0] AndroidManifest.xml:27:13-37
173
174        <receiver
174-->[androidx.profileinstaller:profileinstaller:1.3.1] AndroidManifest.xml:34:9-52:20
175            android:name="androidx.profileinstaller.ProfileInstallReceiver"
175-->[androidx.profileinstaller:profileinstaller:1.3.1] AndroidManifest.xml:35:13-76
176            android:directBootAware="false"
176-->[androidx.profileinstaller:profileinstaller:1.3.1] AndroidManifest.xml:36:13-44
177            android:enabled="true"
177-->[androidx.profileinstaller:profileinstaller:1.3.1] AndroidManifest.xml:37:13-35
178            android:exported="true"
178-->[androidx.profileinstaller:profileinstaller:1.3.1] AndroidManifest.xml:38:13-36
179            android:permission="android.permission.DUMP" >
179-->[androidx.profileinstaller:profileinstaller:1.3.1] AndroidManifest.xml:39:13-57
180            <intent-filter>
180-->[androidx.profileinstaller:profileinstaller:1.3.1] AndroidManifest.xml:40:13-42:29
181                <action android:name="androidx.profileinstaller.action.INSTALL_PROFILE" />
181-->[androidx.profileinstaller:profileinstaller:1.3.1] AndroidManifest.xml:41:17-91
181-->[androidx.profileinstaller:profileinstaller:1.3.1] AndroidManifest.xml:41:25-88
182            </intent-filter>
183            <intent-filter>
183-->[androidx.profileinstaller:profileinstaller:1.3.1] AndroidManifest.xml:43:13-45:29
184                <action android:name="androidx.profileinstaller.action.SKIP_FILE" />
184-->[androidx.profileinstaller:profileinstaller:1.3.1] AndroidManifest.xml:44:17-85
184-->[androidx.profileinstaller:profileinstaller:1.3.1] AndroidManifest.xml:44:25-82
185            </intent-filter>
186            <intent-filter>
186-->[androidx.profileinstaller:profileinstaller:1.3.1] AndroidManifest.xml:46:13-48:29
187                <action android:name="androidx.profileinstaller.action.SAVE_PROFILE" />
187-->[androidx.profileinstaller:profileinstaller:1.3.1] AndroidManifest.xml:47:17-88
187-->[androidx.profileinstaller:profileinstaller:1.3.1] AndroidManifest.xml:47:25-85
188            </intent-filter>
189            <intent-filter>
189-->[androidx.profileinstaller:profileinstaller:1.3.1] AndroidManifest.xml:49:13-51:29
190                <action android:name="androidx.profileinstaller.action.BENCHMARK_OPERATION" />
190-->[androidx.profileinstaller:profileinstaller:1.3.1] AndroidManifest.xml:50:17-95
190-->[androidx.profileinstaller:profileinstaller:1.3.1] AndroidManifest.xml:50:25-92
191            </intent-filter>
192        </receiver>
193    </application>
194
195</manifest>